<?xml version="1.0" encoding="UTF-8"?>
<testng-results ignored="0" total="1" passed="1" failed="0" skipped="0">
  <reporter-output>
  </reporter-output>
  <suite started-at="2022-10-15T22:52:28 IST" name="Default suite" finished-at="2022-10-15T22:52:32 IST" duration-ms="4211">
    <groups>
    </groups>
    <test started-at="2022-10-15T22:52:28 IST" name="Default test" finished-at="2022-10-15T22:52:32 IST" duration-ms="4211">
      <class name="com.RESTAssured.RESTAssured.Pratice">
        <test-method signature="Test_01()[pri:0, instance:com.RESTAssured.RESTAssured.Pratice@ef9296d]" started-at="2022-10-15T22:52:28 IST" name="Test_01" finished-at="2022-10-15T22:52:32 IST" duration-ms="4145" status="PASS">
          <reporter-output>
          </reporter-output>
        </test-method> <!-- Test_01 -->
      </class> <!-- com.RESTAssured.RESTAssured.Pratice -->
    </test> <!-- Default test -->
  </suite> <!-- Default suite -->
</testng-results>
